TN:
SF:C:\Users\Stratos\Documents\GitHub\aurora\src\main.js
FN:12,render
FNF:1
FNH:0
FNDA:0,render
DA:1,0
DA:2,0
DA:3,0
DA:4,0
DA:5,0
DA:7,0
DA:9,0
DA:12,0
LF:8
LH:0
BRF:0
BRH:0
end_of_record
TN:
SF:C:\Users\Stratos\Documents\GitHub\aurora\src\registerServiceWorker.js
FN:6,ready
FN:6,cached
FN:6,updated
FN:6,offline
FN:6,error
FNF:5
FNH:0
FNDA:0,ready
FNDA:0,cached
FNDA:0,updated
FNDA:0,offline
FNDA:0,error
DA:3,0
DA:5,0
DA:6,0
DA:8,0
DA:14,0
DA:17,0
DA:20,0
DA:25,0
LF:8
LH:0
BRDA:5,0,0,0
BRDA:5,0,1,0
BRF:2
BRH:0
end_of_record
TN:
SF:C:\Users\Stratos\Documents\GitHub\aurora\src\router.js
FN:22,component
FNF:1
FNH:0
FNDA:0,component
DA:1,0
DA:2,0
DA:3,0
DA:5,0
DA:22,0
LF:5
LH:0
BRF:0
BRH:0
end_of_record
TN:
SF:C:\Users\Stratos\Documents\GitHub\aurora\src\store.js
FNF:0
FNH:0
DA:1,0
DA:2,0
DA:4,0
LF:3
LH:0
BRF:0
BRH:0
end_of_record
TN:
SF:C:\Users\Stratos\Documents\GitHub\aurora\src\views\Home.vue
FNF:0
FNH:0
DA:10,1
LF:1
LH:1
BRF:0
BRH:0
end_of_record
